(0000) 3000  0011000000000000 (  11)                 .ORIG x3000
(3000) 5020  0101000000100000 (  16) START           AND   R0 R0 #0
(3001) 5220  0101001000100000 (  17)                 AND   R1 R0 #0
(3002) 5420  0101010000100000 (  18)                 AND   R2 R0 #0
(3003) 5620  0101011000100000 (  19)                 AND   R3 R0 #0
(3004) 5820  0101100000100000 (  20)                 AND   R4 R0 #0
(3005) 5A20  0101101000100000 (  21)                 AND   R5 R0 #0
(3006) 5C20  0101110000100000 (  22)                 AND   R6 R0 #0
(3007) 5E20  0101111000100000 (  23)                 AND   R7 R0 #0
(3008) 485A  0100100001011010 (  26)                 JSR   LDOFFSET
(3009) 485B  0100100001011011 (  27)                 JSR   LDNEGOFFSET
(300A) E0C1  1110000011000001 (  30)                 LEA   R0 GREETING
(300B) F022  1111000000100010 (  31)                 TRAP  x22
(300C) F020  1111000000100000 (  35)                 TRAP  x20
(300D) F021  1111000000100001 (  36)                 TRAP  x21
(300E) 1002  0001000000000010 (  37)                 ADD   R0 R0 R2
(300F) 307F  0011000001111111 (  40)                 ST    R0 USERINPUT1
(3010) E08A  1110000010001010 (  43)                 LEA   R0 ASKNO
(3011) F022  1111000000100010 (  44)                 TRAP  x22
(3012) F020  1111000000100000 (  48)                 TRAP  x20
(3013) F021  1111000000100001 (  49)                 TRAP  x21
(3014) 1002  0001000000000010 (  50)                 ADD   R0 R0 R2
(3015) 307A  0011000001111010 (  53)                 ST    R0 USERINPUT2
(3016) 2679  0010011001111001 (  56)                 LD    R3 USERINPUT2
(3017) 2877  0010100001110111 (  57)                 LD    R4 USERINPUT1
(3018) 484E  0100100001001110 (  58)                 JSR   SUBTRACTION
(3019) 0044  0000000001000100 (  61) PRINTDIFF       .FILL x0044
(301A) 0069  0000000001101001 (  61)                 .FILL x0069
(301B) 0066  0000000001100110 (  61)                 .FILL x0066
(301C) 0066  0000000001100110 (  61)                 .FILL x0066
(301D) 0065  0000000001100101 (  61)                 .FILL x0065
(301E) 0072  0000000001110010 (  61)                 .FILL x0072
(301F) 0065  0000000001100101 (  61)                 .FILL x0065
(3020) 006E  0000000001101110 (  61)                 .FILL x006E
(3021) 0063  0000000001100011 (  61)                 .FILL x0063
(3022) 0065  0000000001100101 (  61)                 .FILL x0065
(3023) 003A  0000000000111010 (  61)                 .FILL x003A
(3024) 0020  0000000000100000 (  61)                 .FILL x0020
(3025) 0000  0000000000000000 (  61)                 .FILL x0000
(3026) E0A3  1110000010100011 (  63)                 LEA   R0 NEWLINE
(3027) F022  1111000000100010 (  64)                 TRAP  x22
(3028) E1F0  1110000111110000 (  65)                 LEA   R0 PRINTDIFF
(3029) F022  1111000000100010 (  66)                 TRAP  x22
(302A) 2666  0010011001100110 (  67)                 LD    R3 DIFFERENCE
(302B) 10C1  0001000011000001 (  68)                 ADD   R0 R3 R1
(302C) F021  1111000000100001 (  69)                 TRAP  x21
(302D) E09C  1110000010011100 (  70)                 LEA   R0 NEWLINE
(302E) F022  1111000000100010 (  71)                 TRAP  x22
(302F) B667  1011011001100111 (  72)                 STI   R3 DIFFLOC
(3030) 0050  0000000001010000 (  75) PRINTPROD       .FILL x0050
(3031) 0072  0000000001110010 (  75)                 .FILL x0072
(3032) 006F  0000000001101111 (  75)                 .FILL x006F
(3033) 0064  0000000001100100 (  75)                 .FILL x0064
(3034) 0075  0000000001110101 (  75)                 .FILL x0075
(3035) 0063  0000000001100011 (  75)                 .FILL x0063
(3036) 0074  0000000001110100 (  75)                 .FILL x0074
(3037) 003A  0000000000111010 (  75)                 .FILL x003A
(3038) 0020  0000000000100000 (  75)                 .FILL x0020
(3039) 0000  0000000000000000 (  75)                 .FILL x0000
(303A) E1F5  1110000111110101 (  77)                 LEA   R0 PRINTPROD
(303B) F022  1111000000100010 (  78)                 TRAP  x22
(303C) 484C  0100100001001100 (  79)                 JSR   CLEAR
(303D) 2651  0010011001010001 (  81)                 LD    R3 USERINPUT1
(303E) 2851  0010100001010001 (  82)                 LD    R4 USERINPUT2
(303F) 482C  0100100000101100 (  83)                 JSR   MULTIPLICATION
(3040) 1DA1  0001110110100001 (  86) CORRLOOP        ADD   R6 R6 #1
(3041) 1B76  0001101101110110 (  87)                 ADD   R5 R5 #-10
(3042) 07FD  0000011111111101 (  88)                 BRZP  CORRLOOP
(3043) 1DBF  0001110110111111 (  91)                 ADD   R6 R6 #-1
(3044) 1B6A  0001101101101010 (  92)                 ADD   R5 R5 #10
(3045) 1D81  0001110110000001 (  93)                 ADD   R6 R6 R1
(3046) 1B41  0001101101000001 (  94)                 ADD   R5 R5 R1
(3047) 3C4A  0011110001001010 (  96)                 ST    R6 PRODUCT
(3048) 2049  0010000001001001 (  97)                 LD    R0 PRODUCT
(3049) F021  1111000000100001 (  98)                 TRAP  x21
(304A) 3A47  0011101001000111 (  99)                 ST    R5 PRODUCT
(304B) 2046  0010000001000110 ( 100)                 LD    R0 PRODUCT
(304C) F021  1111000000100001 ( 101)                 TRAP  x21
(304D) E07C  1110000001111100 ( 102)                 LEA   R0 NEWLINE
(304E) F022  1111000000100010 ( 103)                 TRAP  x22
(304F) 0051  0000000001010001 ( 106) PRINTDIV        .FILL x0051
(3050) 0075  0000000001110101 ( 106)                 .FILL x0075
(3051) 006F  0000000001101111 ( 106)                 .FILL x006F
(3052) 0074  0000000001110100 ( 106)                 .FILL x0074
(3053) 0069  0000000001101001 ( 106)                 .FILL x0069
(3054) 0065  0000000001100101 ( 106)                 .FILL x0065
(3055) 006E  0000000001101110 ( 106)                 .FILL x006E
(3056) 0074  0000000001110100 ( 106)                 .FILL x0074
(3057) 003A  0000000000111010 ( 106)                 .FILL x003A
(3058) 0020  0000000000100000 ( 106)                 .FILL x0020
(3059) 0000  0000000000000000 ( 106)                 .FILL x0000
(305A) 0072  0000000001110010 ( 107) PRINTREM        .FILL x0072
(305B) 0000  0000000000000000 ( 107)                 .FILL x0000
(305C) E1F2  1110000111110010 ( 109)                 LEA   R0 PRINTDIV
(305D) F022  1111000000100010 ( 110)                 TRAP  x22
(305E) 482A  0100100000101010 ( 112)                 JSR   CLEAR
(305F) 2630  0010011000110000 ( 113)                 LD    R3 USERINPUT2
(3060) 282E  0010100000101110 ( 114)                 LD    R4 USERINPUT1
(3061) 480F  0100100000001111 ( 115)                 JSR   DIVISION
(3062) F025  1111000000100101 ( 118)                 TRAP  x25
(3063) 2231  0010001000110001 ( 122) LDOFFSET        LD    R1 DEC_OFF
(3064) C1C0  1100000111000000 ( 123)                 RET   
(3065) 2430  0010010000110000 ( 126) LDNEGOFFSET     LD    R2 NEG_DEC_OFF
(3066) C1C0  1100000111000000 ( 127)                 RET   
(3067) 96FF  1001011011111111 ( 130) SUBTRACTION     NOT   R3 R3
(3068) 16E1  0001011011100001 ( 131)                 ADD   R3 R3 #1
(3069) 16C4  0001011011000100 ( 132)                 ADD   R3 R3 R4
(306A) 3626  0011011000100110 ( 133)                 ST    R3 DIFFERENCE
(306B) C1C0  1100000111000000 ( 134)                 RET   
(306C) 1B43  0001101101000011 ( 137) MULTIPLICATION  ADD   R5 R5 R3
(306D) 193F  0001100100111111 ( 138)                 ADD   R4 R4 #-1
(306E) 03FD  0000001111111101 ( 139)                 BRP   MULTIPLICATION
(306F) BA28  1011101000101000 ( 140)                 STI   R5 PRODLOC
(3070) C1C0  1100000111000000 ( 141)                 RET   
(3071) 96FF  1001011011111111 ( 144) DIVISION        NOT   R3 R3
(3072) 16E1  0001011011100001 ( 145)                 ADD   R3 R3 #1
(3073) 1DA1  0001110110100001 ( 147) DIVIDE          ADD   R6 R6 #1
(3074) 1903  0001100100000011 ( 148)                 ADD   R4 R4 R3
(3075) 0404  0000010000000100 ( 149)                 BRZ   CONT
(3076) 03FC  0000001111111100 ( 150)                 BRP   DIVIDE
(3077) 2018  0010000000011000 ( 152)                 LD    R0 USERINPUT2
(3078) 1900  0001100100000000 ( 153)                 ADD   R4 R4 R0
(3079) 1DBF  0001110110111111 ( 154)                 ADD   R6 R6 #-1
(307A) B81F  1011100000011111 ( 156) CONT            STI   R4 REMLOC
(307B) 1901  0001100100000001 ( 157)                 ADD   R4 R4 R1
(307C) BC1C  1011110000011100 ( 158)                 STI   R6 DIVLOC
(307D) 1D81  0001110110000001 ( 159)                 ADD   R6 R6 R1
(307E) 3C14  0011110000010100 ( 160)                 ST    R6 QUOTIENT
(307F) 2013  0010000000010011 ( 161)                 LD    R0 QUOTIENT
(3080) F021  1111000000100001 ( 162)                 TRAP  x21
(3081) E1D8  1110000111011000 ( 163)                 LEA   R0 PRINTREM
(3082) F022  1111000000100010 ( 164)                 TRAP  x22
(3083) 3810  0011100000010000 ( 165)                 ST    R4 REM
(3084) 200F  0010000000001111 ( 166)                 LD    R0 REM
(3085) F021  1111000000100001 ( 167)                 TRAP  x21
(3086) E043  1110000001000011 ( 168)                 LEA   R0 NEWLINE
(3087) F022  1111000000100010 ( 169)                 TRAP  x22
(3088) 0F77  0000111101110111 ( 170)                 BRNZP START
(3089) 5020  0101000000100000 ( 174) CLEAR           AND   R0 R0 #0
(308A) 56E0  0101011011100000 ( 175)                 AND   R3 R3 #0
(308B) 5920  0101100100100000 ( 176)                 AND   R4 R4 #0
(308C) 5B60  0101101101100000 ( 177)                 AND   R5 R5 #0
(308D) 5DA0  0101110110100000 ( 178)                 AND   R6 R6 #0
(308E) C1C0  1100000111000000 ( 179)                 RET   
(308F) 0000  0000000000000000 ( 184) USERINPUT1      .FILL x0000
(3090) 0000  0000000000000000 ( 185) USERINPUT2      .FILL x0000
(3091) 0000  0000000000000000 ( 186) DIFFERENCE      .FILL x0000
(3092) 0000  0000000000000000 ( 187) PRODUCT         .FILL x0000
(3093) 0000  0000000000000000 ( 188) QUOTIENT        .FILL x0000
(3094) 0000  0000000000000000 ( 189) REM             .FILL x0000
(3095) 0030  0000000000110000 ( 190) DEC_OFF         .FILL x0030
(3096) FFD0  1111111111010000 ( 191) NEG_DEC_OFF     .FILL xFFD0
(3097) 3100  0011000100000000 ( 192) DIFFLOC         .FILL x3100
(3098) 3101  0011000100000001 ( 193) PRODLOC         .FILL x3101
(3099) 3102  0011000100000010 ( 194) DIVLOC          .FILL x3102
(309A) 3103  0011000100000011 ( 195) REMLOC          .FILL x3103
(309B) 000A  0000000000001010 ( 198) ASKNO           .FILL x000A
(309C) 0050  0000000001010000 ( 198)                 .FILL x0050
(309D) 006C  0000000001101100 ( 198)                 .FILL x006C
(309E) 0065  0000000001100101 ( 198)                 .FILL x0065
(309F) 0061  0000000001100001 ( 198)                 .FILL x0061
(30A0) 0073  0000000001110011 ( 198)                 .FILL x0073
(30A1) 0065  0000000001100101 ( 198)                 .FILL x0065
(30A2) 0020  0000000000100000 ( 198)                 .FILL x0020
(30A3) 0065  0000000001100101 ( 198)                 .FILL x0065
(30A4) 006E  0000000001101110 ( 198)                 .FILL x006E
(30A5) 0074  0000000001110100 ( 198)                 .FILL x0074
(30A6) 0065  0000000001100101 ( 198)                 .FILL x0065
(30A7) 0072  0000000001110010 ( 198)                 .FILL x0072
(30A8) 0020  0000000000100000 ( 198)                 .FILL x0020
(30A9) 0061  0000000001100001 ( 198)                 .FILL x0061
(30AA) 006E  0000000001101110 ( 198)                 .FILL x006E
(30AB) 006F  0000000001101111 ( 198)                 .FILL x006F
(30AC) 0074  0000000001110100 ( 198)                 .FILL x0074
(30AD) 0068  0000000001101000 ( 198)                 .FILL x0068
(30AE) 0065  0000000001100101 ( 198)                 .FILL x0065
(30AF) 0072  0000000001110010 ( 198)                 .FILL x0072
(30B0) 0020  0000000000100000 ( 198)                 .FILL x0020
(30B1) 006E  0000000001101110 ( 198)                 .FILL x006E
(30B2) 0075  0000000001110101 ( 198)                 .FILL x0075
(30B3) 006D  0000000001101101 ( 198)                 .FILL x006D
(30B4) 0062  0000000001100010 ( 198)                 .FILL x0062
(30B5) 0065  0000000001100101 ( 198)                 .FILL x0065
(30B6) 0072  0000000001110010 ( 198)                 .FILL x0072
(30B7) 0020  0000000000100000 ( 198)                 .FILL x0020
(30B8) 0062  0000000001100010 ( 198)                 .FILL x0062
(30B9) 0065  0000000001100101 ( 198)                 .FILL x0065
(30BA) 0074  0000000001110100 ( 198)                 .FILL x0074
(30BB) 0077  0000000001110111 ( 198)                 .FILL x0077
(30BC) 0065  0000000001100101 ( 198)                 .FILL x0065
(30BD) 0065  0000000001100101 ( 198)                 .FILL x0065
(30BE) 006E  0000000001101110 ( 198)                 .FILL x006E
(30BF) 0020  0000000000100000 ( 198)                 .FILL x0020
(30C0) 0030  0000000000110000 ( 198)                 .FILL x0030
(30C1) 0020  0000000000100000 ( 198)                 .FILL x0020
(30C2) 0061  0000000001100001 ( 198)                 .FILL x0061
(30C3) 006E  0000000001101110 ( 198)                 .FILL x006E
(30C4) 0064  0000000001100100 ( 198)                 .FILL x0064
(30C5) 0020  0000000000100000 ( 198)                 .FILL x0020
(30C6) 0039  0000000000111001 ( 198)                 .FILL x0039
(30C7) 003A  0000000000111010 ( 198)                 .FILL x003A
(30C8) 0020  0000000000100000 ( 198)                 .FILL x0020
(30C9) 0000  0000000000000000 ( 198)                 .FILL x0000
(30CA) 000A  0000000000001010 ( 199) NEWLINE         .FILL x000A
(30CB) 0000  0000000000000000 ( 199)                 .FILL x0000
(30CC) 0057  0000000001010111 ( 200) GREETING        .FILL x0057
(30CD) 0065  0000000001100101 ( 200)                 .FILL x0065
(30CE) 006C  0000000001101100 ( 200)                 .FILL x006C
(30CF) 0063  0000000001100011 ( 200)                 .FILL x0063
(30D0) 006F  0000000001101111 ( 200)                 .FILL x006F
(30D1) 006D  0000000001101101 ( 200)                 .FILL x006D
(30D2) 0065  0000000001100101 ( 200)                 .FILL x0065
(30D3) 0020  0000000000100000 ( 200)                 .FILL x0020
(30D4) 0074  0000000001110100 ( 200)                 .FILL x0074
(30D5) 006F  0000000001101111 ( 200)                 .FILL x006F
(30D6) 0020  0000000000100000 ( 200)                 .FILL x0020
(30D7) 0074  0000000001110100 ( 200)                 .FILL x0074
(30D8) 0068  0000000001101000 ( 200)                 .FILL x0068
(30D9) 0065  0000000001100101 ( 200)                 .FILL x0065
(30DA) 0020  0000000000100000 ( 200)                 .FILL x0020
(30DB) 0074  0000000001110100 ( 200)                 .FILL x0074
(30DC) 0068  0000000001101000 ( 200)                 .FILL x0068
(30DD) 0065  0000000001100101 ( 200)                 .FILL x0065
(30DE) 0020  0000000000100000 ( 200)                 .FILL x0020
(30DF) 0063  0000000001100011 ( 200)                 .FILL x0063
(30E0) 0061  0000000001100001 ( 200)                 .FILL x0061
(30E1) 006C  0000000001101100 ( 200)                 .FILL x006C
(30E2) 0063  0000000001100011 ( 200)                 .FILL x0063
(30E3) 0075  0000000001110101 ( 200)                 .FILL x0075
(30E4) 006C  0000000001101100 ( 200)                 .FILL x006C
(30E5) 0061  0000000001100001 ( 200)                 .FILL x0061
(30E6) 0074  0000000001110100 ( 200)                 .FILL x0074
(30E7) 006F  0000000001101111 ( 200)                 .FILL x006F
(30E8) 0072  0000000001110010 ( 200)                 .FILL x0072
(30E9) 0020  0000000000100000 ( 200)                 .FILL x0020
(30EA) 0070  0000000001110000 ( 200)                 .FILL x0070
(30EB) 0072  0000000001110010 ( 200)                 .FILL x0072
(30EC) 006F  0000000001101111 ( 200)                 .FILL x006F
(30ED) 0067  0000000001100111 ( 200)                 .FILL x0067
(30EE) 0072  0000000001110010 ( 200)                 .FILL x0072
(30EF) 0061  0000000001100001 ( 200)                 .FILL x0061
(30F0) 006D  0000000001101101 ( 200)                 .FILL x006D
(30F1) 002E  0000000000101110 ( 200)                 .FILL x002E
(30F2) 000A  0000000000001010 ( 200)                 .FILL x000A
(30F3) 0050  0000000001010000 ( 200)                 .FILL x0050
(30F4) 006C  0000000001101100 ( 200)                 .FILL x006C
(30F5) 0065  0000000001100101 ( 200)                 .FILL x0065
(30F6) 0061  0000000001100001 ( 200)                 .FILL x0061
(30F7) 0073  0000000001110011 ( 200)                 .FILL x0073
(30F8) 0065  0000000001100101 ( 200)                 .FILL x0065
(30F9) 0020  0000000000100000 ( 200)                 .FILL x0020
(30FA) 0065  0000000001100101 ( 200)                 .FILL x0065
(30FB) 006E  0000000001101110 ( 200)                 .FILL x006E
(30FC) 0074  0000000001110100 ( 200)                 .FILL x0074
(30FD) 0065  0000000001100101 ( 200)                 .FILL x0065
(30FE) 0072  0000000001110010 ( 200)                 .FILL x0072
(30FF) 0020  0000000000100000 ( 200)                 .FILL x0020
(3100) 0061  0000000001100001 ( 200)                 .FILL x0061
(3101) 0020  0000000000100000 ( 200)                 .FILL x0020
(3102) 006E  0000000001101110 ( 200)                 .FILL x006E
(3103) 0075  0000000001110101 ( 200)                 .FILL x0075
(3104) 006D  0000000001101101 ( 200)                 .FILL x006D
(3105) 0062  0000000001100010 ( 200)                 .FILL x0062
(3106) 0065  0000000001100101 ( 200)                 .FILL x0065
(3107) 0072  0000000001110010 ( 200)                 .FILL x0072
(3108) 0020  0000000000100000 ( 200)                 .FILL x0020
(3109) 0062  0000000001100010 ( 200)                 .FILL x0062
(310A) 0065  0000000001100101 ( 200)                 .FILL x0065
(310B) 0074  0000000001110100 ( 200)                 .FILL x0074
(310C) 0077  0000000001110111 ( 200)                 .FILL x0077
(310D) 0065  0000000001100101 ( 200)                 .FILL x0065
(310E) 0065  0000000001100101 ( 200)                 .FILL x0065
(310F) 006E  0000000001101110 ( 200)                 .FILL x006E
(3110) 0020  0000000000100000 ( 200)                 .FILL x0020
(3111) 0030  0000000000110000 ( 200)                 .FILL x0030
(3112) 0020  0000000000100000 ( 200)                 .FILL x0020
(3113) 0061  0000000001100001 ( 200)                 .FILL x0061
(3114) 006E  0000000001101110 ( 200)                 .FILL x006E
(3115) 0064  0000000001100100 ( 200)                 .FILL x0064
(3116) 0020  0000000000100000 ( 200)                 .FILL x0020
(3117) 0039  0000000000111001 ( 200)                 .FILL x0039
(3118) 003A  0000000000111010 ( 200)                 .FILL x003A
(3119) 0020  0000000000100000 ( 200)                 .FILL x0020
(311A) 0000  0000000000000000 ( 200)                 .FILL x0000
