(0000) 3000  0011000000000000 (   9)                 .ORIG x3000
(3000) 5020  0101000000100000 (  13) START           AND   R0 R0 #0
(3001) 5220  0101001000100000 (  14)                 AND   R1 R0 #0
(3002) 5420  0101010000100000 (  15)                 AND   R2 R0 #0
(3003) 5620  0101011000100000 (  16)                 AND   R3 R0 #0
(3004) 5820  0101100000100000 (  17)                 AND   R4 R0 #0
(3005) 485A  0100100001011010 (  20)                 JSR   GREET
(3006) F022  1111000000100010 (  21)                 TRAP  x22
(3007) 4867  0100100001100111 (  24)                 JSR   RFOUROFFSET
(3008) F020  1111000000100000 (  27)                 TRAP  x20
(3009) F021  1111000000100001 (  28)                 TRAP  x21
(300A) 1004  0001000000000100 (  29)                 ADD   R0 R0 R4
(300B) 1240  0001001001000000 (  30)                 ADD   R1 R1 R0
(300C) 4855  0100100001010101 (  33)                 JSR   NLINE
(300D) F022  1111000000100010 (  34)                 TRAP  x22
(300E) F020  1111000000100000 (  37)                 TRAP  x20
(300F) F021  1111000000100001 (  38)                 TRAP  x21
(3010) 1004  0001000000000100 (  39)                 ADD   R0 R0 R4
(3011) 1480  0001010010000000 (  40)                 ADD   R2 R2 R0
(3012) 5920  0101100100100000 (  41)                 AND   R4 R4 #0
(3013) 484E  0100100001001110 (  44)                 JSR   NLINE
(3014) F022  1111000000100010 (  45)                 TRAP  x22
(3015) 5FE0  0101111111100000 (  46)                 AND   R7 R7 #0
(3016) 4803  0100100000000011 (  49)                 JSR   SUBT
(3017) 480F  0100100000001111 (  52) TOMUL           JSR   MULT
(3018) 4824  0100100000100100 (  55) TODIV           JSR   DIVT
(3019) F025  1111000000100101 (  58) END             TRAP  x25
(301A) 5820  0101100000100000 (  63) SUBT            AND   R4 R0 #0
(301B) E09C  1110000010011100 (  64)                 LEA   R0 SUB
(301C) F022  1111000000100010 (  65)                 TRAP  x22
(301D) 0E53  0000111001010011 (  66)                 BRNZP RFOUROFF
(301E) 1921  0001100100100001 (  67) RRE             ADD   R4 R4 #1
(301F) 9CBF  1001110010111111 (  68)                 NOT   R6 R2
(3020) 1646  0001011001000110 (  69)                 ADD   R3 R1 R6
(3021) 16C4  0001011011000100 (  70)                 ADD   R3 R3 R4
(3022) 0E41  0000111001000001 (  71)                 BRNZP SUBX
(3023) F021  1111000000100001 (  72) SUBR            TRAP  x21
(3024) E091  1110000010010001 (  73)                 LEA   R0 NEWLINE
(3025) F022  1111000000100010 (  74)                 TRAP  x22
(3026) 0FF0  0000111111110000 (  75)                 BRNZP TOMUL
(3027) E09E  1110000010011110 (  78) MULT            LEA   R0 MUL
(3028) F022  1111000000100010 (  79)                 TRAP  x22
(3029) 4830  0100100000110000 (  80)                 JSR   CLEAR
(302A) 0E48  0000111001001000 (  81)                 BRNZP RFIVEOFF
(302B) 1902  0001100100000010 (  82) RRR             ADD   R4 R4 R2
(302C) 16C1  0001011011000001 (  85) AGAIN           ADD   R3 R3 R1
(302D) 193F  0001100100111111 (  86)                 ADD   R4 R4 #-1
(302E) 03FD  0000001111111101 (  87)                 BRP   AGAIN
(302F) 4838  0100100000111000 (  90)                 JSR   MULTM
(3030) 1DA1  0001110110100001 (  93) AGAINTWO        ADD   R6 R6 #1
(3031) 16F6  0001011011110110 (  94)                 ADD   R3 R3 #-10
(3032) 07FD  0000011111111101 (  95)                 BRZP  AGAINTWO
(3033) 4836  0100100000110110 (  98)                 JSR   MULTCOR
(3034) 3CBA  0011110010111010 (  99)                 ST    R6 RESULT
(3035) 20B9  0010000010111001 ( 100)                 LD    R0 RESULT
(3036) F021  1111000000100001 ( 101)                 TRAP  x21
(3037) 36B7  0011011010110111 ( 102)                 ST    R3 RESULT
(3038) 20B6  0010000010110110 ( 103)                 LD    R0 RESULT
(3039) F021  1111000000100001 ( 104)                 TRAP  x21
(303A) E07B  1110000001111011 ( 105)                 LEA   R0 NEWLINE
(303B) F022  1111000000100010 ( 106)                 TRAP  x22
(303C) 0FDB  0000111111011011 ( 107)                 BRNZP TODIV
(303D) 481C  0100100000011100 ( 110) DIVT            JSR   CLEAR
(303E) E098  1110000010011000 ( 111)                 LEA   R0 DIV
(303F) F022  1111000000100010 ( 112)                 TRAP  x22
(3040) 28B1  0010100010110001 ( 113)                 LD    R4 OFFSET
(3041) 1B41  0001101101000001 ( 114)                 ADD   R5 R5 R1
(3042) 16C2  0001011011000010 ( 115)                 ADD   R3 R3 R2
(3043) 96FF  1001011011111111 ( 116)                 NOT   R3 R3
(3044) 16E1  0001011011100001 ( 117)                 ADD   R3 R3 #1
(3045) 1DA1  0001110110100001 ( 120) DIVAGAIN        ADD   R6 R6 #1
(3046) 1B43  0001101101000011 ( 121)                 ADD   R5 R5 R3
(3047) 0403  0000010000000011 ( 122)                 BRZ   CONT
(3048) 03FC  0000001111111100 ( 123)                 BRP   DIVAGAIN
(3049) 1B42  0001101101000010 ( 126)                 ADD   R5 R5 R2
(304A) 1DBF  0001110110111111 ( 127)                 ADD   R6 R6 #-1
(304B) BAAA  1011101010101010 ( 128) CONT            STI   R5 RR
(304C) 1B44  0001101101000100 ( 129)                 ADD   R5 R5 R4
(304D) BCA7  1011110010100111 ( 130)                 STI   R6 DR
(304E) 1D84  0001110110000100 ( 131)                 ADD   R6 R6 R4
(304F) 3C9F  0011110010011111 ( 132)                 ST    R6 RESULT
(3050) 209E  0010000010011110 ( 133)                 LD    R0 RESULT
(3051) F021  1111000000100001 ( 134)                 TRAP  x21
(3052) E08F  1110000010001111 ( 135)                 LEA   R0 REM
(3053) F022  1111000000100010 ( 136)                 TRAP  x22
(3054) 3A9B  0011101010011011 ( 137)                 ST    R5 REMAINDER
(3055) 209A  0010000010011010 ( 138)                 LD    R0 REMAINDER
(3056) F021  1111000000100001 ( 139)                 TRAP  x21
(3057) E05E  1110000001011110 ( 140)                 LEA   R0 NEWLINE
(3058) F022  1111000000100010 ( 141)                 TRAP  x22
(3059) 0FA6  0000111110100110 ( 142)                 BRNZP START
(305A) 56E0  0101011011100000 ( 147) CLEAR           AND   R3 R3 #0
(305B) 5920  0101100100100000 ( 148)                 AND   R4 R4 #0
(305C) 5B60  0101101101100000 ( 149)                 AND   R5 R5 #0
(305D) 5DA0  0101110110100000 ( 150)                 AND   R6 R6 #0
(305E) 5020  0101000000100000 ( 151)                 AND   R0 R0 #0
(305F) C1C0  1100000111000000 ( 152)                 RET   
(3060) E014  1110000000010100 ( 154) GREET           LEA   R0 GREETING
(3061) C1C0  1100000111000000 ( 155)                 RET   
(3062) E053  1110000001010011 ( 157) NLINE           LEA   R0 NEWLINE
(3063) C1C0  1100000111000000 ( 158)                 RET   
(3064) B68E  1011011010001110 ( 161) SUBX            STI   R3 SR
(3065) 3689  0011011010001001 ( 162)                 ST    R3 RESULT
(3066) 2088  0010000010001000 ( 163)                 LD    R0 RESULT
(3067) 0FBB  0000111110111011 ( 164)                 BRNZP SUBR
(3068) B68B  1011011010001011 ( 166) MULTM           STI   R3 MR
(3069) C1C0  1100000111000000 ( 167)                 RET   
(306A) 1DBF  0001110110111111 ( 170) MULTCOR         ADD   R6 R6 #-1
(306B) 16EA  0001011011101010 ( 171)                 ADD   R3 R3 #10
(306C) 1D85  0001110110000101 ( 172)                 ADD   R6 R6 R5
(306D) 16C5  0001011011000101 ( 173)                 ADD   R3 R3 R5
(306E) C1C0  1100000111000000 ( 174)                 RET   
(306F) 2881  0010100010000001 ( 177) RFOUROFFSET     LD    R4 OFFSETNEG
(3070) C1C0  1100000111000000 ( 178)                 RET   
(3071) 2880  0010100010000000 ( 181) RFOUROFF        LD    R4 OFFSET
(3072) 0FAB  0000111110101011 ( 182)                 BRNZP RRE
(3073) 2A7E  0010101001111110 ( 185) RFIVEOFF        LD    R5 OFFSET
(3074) 0FB6  0000111110110110 ( 186)                 BRNZP RRR
(3075) 000A  0000000000001010 ( 190) GREETING        .FILL x000A
(3076) 0020  0000000000100000 ( 190)                 .FILL x0020
(3077) 000A  0000000000001010 ( 190)                 .FILL x000A
(3078) 0057  0000000001010111 ( 190)                 .FILL x0057
(3079) 0065  0000000001100101 ( 190)                 .FILL x0065
(307A) 006C  0000000001101100 ( 190)                 .FILL x006C
(307B) 0063  0000000001100011 ( 190)                 .FILL x0063
(307C) 006F  0000000001101111 ( 190)                 .FILL x006F
(307D) 006D  0000000001101101 ( 190)                 .FILL x006D
(307E) 0065  0000000001100101 ( 190)                 .FILL x0065
(307F) 0020  0000000000100000 ( 190)                 .FILL x0020
(3080) 0074  0000000001110100 ( 190)                 .FILL x0074
(3081) 006F  0000000001101111 ( 190)                 .FILL x006F
(3082) 0020  0000000000100000 ( 190)                 .FILL x0020
(3083) 0043  0000000001000011 ( 190)                 .FILL x0043
(3084) 0068  0000000001101000 ( 190)                 .FILL x0068
(3085) 0072  0000000001110010 ( 190)                 .FILL x0072
(3086) 0069  0000000001101001 ( 190)                 .FILL x0069
(3087) 0073  0000000001110011 ( 190)                 .FILL x0073
(3088) 0027  0000000000100111 ( 190)                 .FILL x0027
(3089) 0073  0000000001110011 ( 190)                 .FILL x0073
(308A) 0020  0000000000100000 ( 190)                 .FILL x0020
(308B) 004C  0000000001001100 ( 190)                 .FILL x004C
(308C) 0061  0000000001100001 ( 190)                 .FILL x0061
(308D) 0062  0000000001100010 ( 190)                 .FILL x0062
(308E) 0033  0000000000110011 ( 190)                 .FILL x0033
(308F) 0020  0000000000100000 ( 190)                 .FILL x0020
(3090) 0050  0000000001010000 ( 190)                 .FILL x0050
(3091) 0072  0000000001110010 ( 190)                 .FILL x0072
(3092) 006F  0000000001101111 ( 190)                 .FILL x006F
(3093) 0067  0000000001100111 ( 190)                 .FILL x0067
(3094) 0072  0000000001110010 ( 190)                 .FILL x0072
(3095) 0061  0000000001100001 ( 190)                 .FILL x0061
(3096) 006D  0000000001101101 ( 190)                 .FILL x006D
(3097) 002E  0000000000101110 ( 190)                 .FILL x002E
(3098) 000A  0000000000001010 ( 190)                 .FILL x000A
(3099) 0020  0000000000100000 ( 190)                 .FILL x0020
(309A) 0050  0000000001010000 ( 190)                 .FILL x0050
(309B) 006C  0000000001101100 ( 190)                 .FILL x006C
(309C) 0065  0000000001100101 ( 190)                 .FILL x0065
(309D) 0061  0000000001100001 ( 190)                 .FILL x0061
(309E) 0073  0000000001110011 ( 190)                 .FILL x0073
(309F) 0065  0000000001100101 ( 190)                 .FILL x0065
(30A0) 0020  0000000000100000 ( 190)                 .FILL x0020
(30A1) 0065  0000000001100101 ( 190)                 .FILL x0065
(30A2) 006E  0000000001101110 ( 190)                 .FILL x006E
(30A3) 0074  0000000001110100 ( 190)                 .FILL x0074
(30A4) 0065  0000000001100101 ( 190)                 .FILL x0065
(30A5) 0072  0000000001110010 ( 190)                 .FILL x0072
(30A6) 0020  0000000000100000 ( 190)                 .FILL x0020
(30A7) 0074  0000000001110100 ( 190)                 .FILL x0074
(30A8) 0077  0000000001110111 ( 190)                 .FILL x0077
(30A9) 006F  0000000001101111 ( 190)                 .FILL x006F
(30AA) 0020  0000000000100000 ( 190)                 .FILL x0020
(30AB) 006E  0000000001101110 ( 190)                 .FILL x006E
(30AC) 0075  0000000001110101 ( 190)                 .FILL x0075
(30AD) 006D  0000000001101101 ( 190)                 .FILL x006D
(30AE) 0062  0000000001100010 ( 190)                 .FILL x0062
(30AF) 0065  0000000001100101 ( 190)                 .FILL x0065
(30B0) 0072  0000000001110010 ( 190)                 .FILL x0072
(30B1) 0073  0000000001110011 ( 190)                 .FILL x0073
(30B2) 003A  0000000000111010 ( 190)                 .FILL x003A
(30B3) 0020  0000000000100000 ( 190)                 .FILL x0020
(30B4) 000A  0000000000001010 ( 190)                 .FILL x000A
(30B5) 0000  0000000000000000 ( 190)                 .FILL x0000
(30B6) 000A  0000000000001010 ( 191) NEWLINE         .FILL x000A
(30B7) 0000  0000000000000000 ( 191)                 .FILL x0000
(30B8) 0053  0000000001010011 ( 192) SUB             .FILL x0053
(30B9) 0055  0000000001010101 ( 192)                 .FILL x0055
(30BA) 0042  0000000001000010 ( 192)                 .FILL x0042
(30BB) 0054  0000000001010100 ( 192)                 .FILL x0054
(30BC) 0052  0000000001010010 ( 192)                 .FILL x0052
(30BD) 0041  0000000001000001 ( 192)                 .FILL x0041
(30BE) 0043  0000000001000011 ( 192)                 .FILL x0043
(30BF) 0054  0000000001010100 ( 192)                 .FILL x0054
(30C0) 0049  0000000001001001 ( 192)                 .FILL x0049
(30C1) 004F  0000000001001111 ( 192)                 .FILL x004F
(30C2) 004E  0000000001001110 ( 192)                 .FILL x004E
(30C3) 003A  0000000000111010 ( 192)                 .FILL x003A
(30C4) 0020  0000000000100000 ( 192)                 .FILL x0020
(30C5) 0000  0000000000000000 ( 192)                 .FILL x0000
(30C6) 004D  0000000001001101 ( 193) MUL             .FILL x004D
(30C7) 0055  0000000001010101 ( 193)                 .FILL x0055
(30C8) 004C  0000000001001100 ( 193)                 .FILL x004C
(30C9) 0054  0000000001010100 ( 193)                 .FILL x0054
(30CA) 0049  0000000001001001 ( 193)                 .FILL x0049
(30CB) 0050  0000000001010000 ( 193)                 .FILL x0050
(30CC) 004C  0000000001001100 ( 193)                 .FILL x004C
(30CD) 0049  0000000001001001 ( 193)                 .FILL x0049
(30CE) 0043  0000000001000011 ( 193)                 .FILL x0043
(30CF) 0041  0000000001000001 ( 193)                 .FILL x0041
(30D0) 0054  0000000001010100 ( 193)                 .FILL x0054
(30D1) 0049  0000000001001001 ( 193)                 .FILL x0049
(30D2) 004F  0000000001001111 ( 193)                 .FILL x004F
(30D3) 004E  0000000001001110 ( 193)                 .FILL x004E
(30D4) 003A  0000000000111010 ( 193)                 .FILL x003A
(30D5) 0020  0000000000100000 ( 193)                 .FILL x0020
(30D6) 0000  0000000000000000 ( 193)                 .FILL x0000
(30D7) 0044  0000000001000100 ( 194) DIV             .FILL x0044
(30D8) 0049  0000000001001001 ( 194)                 .FILL x0049
(30D9) 0056  0000000001010110 ( 194)                 .FILL x0056
(30DA) 0049  0000000001001001 ( 194)                 .FILL x0049
(30DB) 0053  0000000001010011 ( 194)                 .FILL x0053
(30DC) 0049  0000000001001001 ( 194)                 .FILL x0049
(30DD) 004F  0000000001001111 ( 194)                 .FILL x004F
(30DE) 004E  0000000001001110 ( 194)                 .FILL x004E
(30DF) 003A  0000000000111010 ( 194)                 .FILL x003A
(30E0) 0020  0000000000100000 ( 194)                 .FILL x0020
(30E1) 0000  0000000000000000 ( 194)                 .FILL x0000
(30E2) 000A  0000000000001010 ( 195) REM             .FILL x000A
(30E3) 0052  0000000001010010 ( 195)                 .FILL x0052
(30E4) 0045  0000000001000101 ( 195)                 .FILL x0045
(30E5) 004D  0000000001001101 ( 195)                 .FILL x004D
(30E6) 0041  0000000001000001 ( 195)                 .FILL x0041
(30E7) 0049  0000000001001001 ( 195)                 .FILL x0049
(30E8) 004E  0000000001001110 ( 195)                 .FILL x004E
(30E9) 0044  0000000001000100 ( 195)                 .FILL x0044
(30EA) 0045  0000000001000101 ( 195)                 .FILL x0045
(30EB) 0052  0000000001010010 ( 195)                 .FILL x0052
(30EC) 003A  0000000000111010 ( 195)                 .FILL x003A
(30ED) 0020  0000000000100000 ( 195)                 .FILL x0020
(30EE) 0000  0000000000000000 ( 195)                 .FILL x0000
(30EF) 0000  0000000000000000 ( 198) RESULT          .FILL x0000
(30F0) 0000  0000000000000000 ( 199) REMAINDER       .FILL x0000
(30F1) FFD0  1111111111010000 ( 200) OFFSETNEG       .FILL xFFD0
(30F2) 0030  0000000000110000 ( 201) OFFSET          .FILL x0030
(30F3) 3100  0011000100000000 ( 202) SR              .FILL x3100
(30F4) 3101  0011000100000001 ( 203) MR              .FILL x3101
(30F5) 3102  0011000100000010 ( 204) DR              .FILL x3102
(30F6) 3103  0011000100000011 ( 205) RR              .FILL x3103
