(0000) 3000  0011000000000000 (  11)                 .ORIG x3000
(3000) 5020  0101000000100000 (  16) START           AND   R0 R0 #0
(3001) 5220  0101001000100000 (  17)                 AND   R1 R0 #0
(3002) 5420  0101010000100000 (  18)                 AND   R2 R0 #0
(3003) 5620  0101011000100000 (  19)                 AND   R3 R0 #0
(3004) 5820  0101100000100000 (  20)                 AND   R4 R0 #0
(3005) 5A20  0101101000100000 (  21)                 AND   R5 R0 #0
(3006) 5C20  0101110000100000 (  22)                 AND   R6 R0 #0
(3007) 5E20  0101111000100000 (  23)                 AND   R7 R0 #0
(3008) 491F  0100100100011111 (  26)                 JSR   LDOFFSET
(3009) 4920  0100100100100000 (  27)                 JSR   LDNEGOFFSET
(300A) 0057  0000000001010111 (  30) GREETING        .FILL x0057
(300B) 0065  0000000001100101 (  30)                 .FILL x0065
(300C) 006C  0000000001101100 (  30)                 .FILL x006C
(300D) 0063  0000000001100011 (  30)                 .FILL x0063
(300E) 006F  0000000001101111 (  30)                 .FILL x006F
(300F) 006D  0000000001101101 (  30)                 .FILL x006D
(3010) 0065  0000000001100101 (  30)                 .FILL x0065
(3011) 0020  0000000000100000 (  30)                 .FILL x0020
(3012) 0074  0000000001110100 (  30)                 .FILL x0074
(3013) 006F  0000000001101111 (  30)                 .FILL x006F
(3014) 0020  0000000000100000 (  30)                 .FILL x0020
(3015) 0074  0000000001110100 (  30)                 .FILL x0074
(3016) 0068  0000000001101000 (  30)                 .FILL x0068
(3017) 0065  0000000001100101 (  30)                 .FILL x0065
(3018) 0020  0000000000100000 (  30)                 .FILL x0020
(3019) 0074  0000000001110100 (  30)                 .FILL x0074
(301A) 0068  0000000001101000 (  30)                 .FILL x0068
(301B) 0065  0000000001100101 (  30)                 .FILL x0065
(301C) 0020  0000000000100000 (  30)                 .FILL x0020
(301D) 0066  0000000001100110 (  30)                 .FILL x0066
(301E) 006C  0000000001101100 (  30)                 .FILL x006C
(301F) 006F  0000000001101111 (  30)                 .FILL x006F
(3020) 0061  0000000001100001 (  30)                 .FILL x0061
(3021) 0074  0000000001110100 (  30)                 .FILL x0074
(3022) 0069  0000000001101001 (  30)                 .FILL x0069
(3023) 006E  0000000001101110 (  30)                 .FILL x006E
(3024) 0067  0000000001100111 (  30)                 .FILL x0067
(3025) 0020  0000000000100000 (  30)                 .FILL x0020
(3026) 0070  0000000001110000 (  30)                 .FILL x0070
(3027) 006F  0000000001101111 (  30)                 .FILL x006F
(3028) 0069  0000000001101001 (  30)                 .FILL x0069
(3029) 006E  0000000001101110 (  30)                 .FILL x006E
(302A) 0074  0000000001110100 (  30)                 .FILL x0074
(302B) 0020  0000000000100000 (  30)                 .FILL x0020
(302C) 006E  0000000001101110 (  30)                 .FILL x006E
(302D) 0075  0000000001110101 (  30)                 .FILL x0075
(302E) 006D  0000000001101101 (  30)                 .FILL x006D
(302F) 0062  0000000001100010 (  30)                 .FILL x0062
(3030) 0065  0000000001100101 (  30)                 .FILL x0065
(3031) 0072  0000000001110010 (  30)                 .FILL x0072
(3032) 0020  0000000000100000 (  30)                 .FILL x0020
(3033) 006D  0000000001101101 (  30)                 .FILL x006D
(3034) 0075  0000000001110101 (  30)                 .FILL x0075
(3035) 006C  0000000001101100 (  30)                 .FILL x006C
(3036) 0074  0000000001110100 (  30)                 .FILL x0074
(3037) 0069  0000000001101001 (  30)                 .FILL x0069
(3038) 0070  0000000001110000 (  30)                 .FILL x0070
(3039) 006C  0000000001101100 (  30)                 .FILL x006C
(303A) 0069  0000000001101001 (  30)                 .FILL x0069
(303B) 0065  0000000001100101 (  30)                 .FILL x0065
(303C) 0072  0000000001110010 (  30)                 .FILL x0072
(303D) 002E  0000000000101110 (  30)                 .FILL x002E
(303E) 000A  0000000000001010 (  30)                 .FILL x000A
(303F) 0050  0000000001010000 (  30)                 .FILL x0050
(3040) 006C  0000000001101100 (  30)                 .FILL x006C
(3041) 0065  0000000001100101 (  30)                 .FILL x0065
(3042) 0061  0000000001100001 (  30)                 .FILL x0061
(3043) 0073  0000000001110011 (  30)                 .FILL x0073
(3044) 0065  0000000001100101 (  30)                 .FILL x0065
(3045) 0020  0000000000100000 (  30)                 .FILL x0020
(3046) 0065  0000000001100101 (  30)                 .FILL x0065
(3047) 006E  0000000001101110 (  30)                 .FILL x006E
(3048) 0074  0000000001110100 (  30)                 .FILL x0074
(3049) 0065  0000000001100101 (  30)                 .FILL x0065
(304A) 0072  0000000001110010 (  30)                 .FILL x0072
(304B) 0020  0000000000100000 (  30)                 .FILL x0020
(304C) 0061  0000000001100001 (  30)                 .FILL x0061
(304D) 0020  0000000000100000 (  30)                 .FILL x0020
(304E) 0073  0000000001110011 (  30)                 .FILL x0073
(304F) 0069  0000000001101001 (  30)                 .FILL x0069
(3050) 0067  0000000001100111 (  30)                 .FILL x0067
(3051) 006E  0000000001101110 (  30)                 .FILL x006E
(3052) 0020  0000000000100000 (  30)                 .FILL x0020
(3053) 0028  0000000000101000 (  30)                 .FILL x0028
(3054) 002B  0000000000101011 (  30)                 .FILL x002B
(3055) 002F  0000000000101111 (  30)                 .FILL x002F
(3056) 002D  0000000000101101 (  30)                 .FILL x002D
(3057) 0029  0000000000101001 (  30)                 .FILL x0029
(3058) 0020  0000000000100000 (  30)                 .FILL x0020
(3059) 0066  0000000001100110 (  30)                 .FILL x0066
(305A) 006F  0000000001101111 (  30)                 .FILL x006F
(305B) 006C  0000000001101100 (  30)                 .FILL x006C
(305C) 006C  0000000001101100 (  30)                 .FILL x006C
(305D) 006F  0000000001101111 (  30)                 .FILL x006F
(305E) 0077  0000000001110111 (  30)                 .FILL x0077
(305F) 0065  0000000001100101 (  30)                 .FILL x0065
(3060) 0064  0000000001100100 (  30)                 .FILL x0064
(3061) 0020  0000000000100000 (  30)                 .FILL x0020
(3062) 0062  0000000001100010 (  30)                 .FILL x0062
(3063) 0079  0000000001111001 (  30)                 .FILL x0079
(3064) 0020  0000000000100000 (  30)                 .FILL x0020
(3065) 0061  0000000001100001 (  30)                 .FILL x0061
(3066) 0020  0000000000100000 (  30)                 .FILL x0020
(3067) 0074  0000000001110100 (  30)                 .FILL x0074
(3068) 0077  0000000001110111 (  30)                 .FILL x0077
(3069) 006F  0000000001101111 (  30)                 .FILL x006F
(306A) 0020  0000000000100000 (  30)                 .FILL x0020
(306B) 0064  0000000001100100 (  30)                 .FILL x0064
(306C) 0069  0000000001101001 (  30)                 .FILL x0069
(306D) 0067  0000000001100111 (  30)                 .FILL x0067
(306E) 0069  0000000001101001 (  30)                 .FILL x0069
(306F) 0074  0000000001110100 (  30)                 .FILL x0074
(3070) 0020  0000000000100000 (  30)                 .FILL x0020
(3071) 006E  0000000001101110 (  30)                 .FILL x006E
(3072) 0075  0000000001110101 (  30)                 .FILL x0075
(3073) 006D  0000000001101101 (  30)                 .FILL x006D
(3074) 0062  0000000001100010 (  30)                 .FILL x0062
(3075) 0065  0000000001100101 (  30)                 .FILL x0065
(3076) 0072  0000000001110010 (  30)                 .FILL x0072
(3077) 003A  0000000000111010 (  30)                 .FILL x003A
(3078) 0020  0000000000100000 (  30)                 .FILL x0020
(3079) 0000  0000000000000000 (  30)                 .FILL x0000
(307A) E18F  1110000110001111 (  32)                 LEA   R0 GREETING
(307B) F022  1111000000100010 (  33)                 TRAP  x22
(307C) 28F8  0010100011111000 (  36)                 LD    R4 MINUS
(307D) F020  1111000000100000 (  37)                 TRAP  x20
(307E) F021  1111000000100001 (  38)                 TRAP  x21
(307F) 1900  0001100100000000 (  39)                 ADD   R4 R4 R0
(3080) 0401  0000010000000001 (  40)                 BRZ   NEG1
(3081) 0E03  0000111000000011 (  41)                 BRNZP CONT1
(3082) 26EC  0010011011101100 (  43) NEG1            LD    R3 SIGNMASK
(3083) 36D8  0011011011011000 (  44)                 ST    R3 SIGN1
(3084) 0E02  0000111000000010 (  45)                 BRNZP USEIN
(3085) 16E0  0001011011100000 (  47) CONT1           ADD   R3 R3 #0
(3086) 36D5  0011011011010101 (  48)                 ST    R3 SIGN1
(3087) F020  1111000000100000 (  52) USEIN           TRAP  x20
(3088) F021  1111000000100001 (  53)                 TRAP  x21
(3089) 1002  0001000000000010 (  54)                 ADD   R0 R0 R2
(308A) 30CC  0011000011001100 (  57)                 ST    R0 DIGIT1
(308B) 48C5  0100100011000101 (  60)                 JSR   CLEAR
(308C) 26CA  0010011011001010 (  61)                 LD    R3 DIGIT1
(308D) 192A  0001100100101010 (  62)                 ADD   R4 R4 #10
(308E) 489D  0100100010011101 (  63)                 JSR   MULTIPLICATION
(308F) 3ACB  0011101011001011 (  64)                 ST    R5 TENS
(3090) F020  1111000000100000 (  68)                 TRAP  x20
(3091) F021  1111000000100001 (  69)                 TRAP  x21
(3092) 1002  0001000000000010 (  70)                 ADD   R0 R0 R2
(3093) 30C4  0011000011000100 (  73)                 ST    R0 DIGIT2
(3094) 26C6  0010011011000110 (  76)                 LD    R3 TENS
(3095) 28C2  0010100011000010 (  77)                 LD    R4 DIGIT2
(3096) 1AC4  0001101011000100 (  78)                 ADD   R5 R3 R4
(3097) 3AD2  0011101011010010 (  79)                 ST    R5 INPUT1
(3098) 1B60  0001101101100000 (  82)                 ADD   R5 R5 #0
(3099) 040E  0000010000001110 (  83)                 BRZ   TWOIN
(309A) 48B6  0100100010110110 (  88)                 JSR   CLEAR
(309B) 26CE  0010011011001110 (  89)                 LD    R3 INPUT1
(309C) 28D3  0010100011010011 (  90)                 LD    R4 MANTMASK
(309D) 48A2  0100100010100010 (  91)                 JSR   FINDMANT
(309E) 30CD  0011000011001101 (  92)                 ST    R0 SHIFTCOUNT
(309F) 28D1  0010100011010001 (  93)                 LD    R4 MANTDEF
(30A0) 5703  0101011100000011 (  94)                 AND   R3 R4 R3
(30A1) 36BD  0011011010111101 (  95)                 ST    R3 MANTISSA1
(30A2) 2ACD  0010101011001101 (  96)                 LD    R5 MANTMASK
(30A3) 16C5  0001011011000101 (  97)                 ADD   R3 R3 R5
(30A4) 36BE  0011011010111110 (  98)                 ST    R3 MANTFORMULT1
(30A5) 48AB  0100100010101011 ( 101)                 JSR   CLEAR
(30A6) 489E  0100100010011110 ( 102)                 JSR   FINDEXP
(30A7) 36BE  0011011010111110 ( 103)                 ST    R3 EXPONENT1
(30A8) 48A8  0100100010101000 ( 108) TWOIN           JSR   CLEAR
(30A9) E0D2  1110000011010010 ( 109)                 LEA   R0 SECONDNO
(30AA) F022  1111000000100010 ( 110)                 TRAP  x22
(30AB) 26C9  0010011011001001 ( 113)                 LD    R3 MINUS
(30AC) F020  1111000000100000 ( 114)                 TRAP  x20
(30AD) F021  1111000000100001 ( 115)                 TRAP  x21
(30AE) 18C0  0001100011000000 ( 116)                 ADD   R4 R3 R0
(30AF) 0401  0000010000000001 ( 117)                 BRZ   NEG2
(30B0) 0E03  0000111000000011 ( 118)                 BRNZP CONT2
(30B1) 26BD  0010011010111101 ( 120) NEG2            LD    R3 SIGNMASK
(30B2) 36AA  0011011010101010 ( 121)                 ST    R3 SIGN2
(30B3) 0E02  0000111000000010 ( 122)                 BRNZP USEIN2
(30B4) 56E0  0101011011100000 ( 124) CONT2           AND   R3 R3 #0
(30B5) 36A7  0011011010100111 ( 125)                 ST    R3 SIGN2
(30B6) F020  1111000000100000 ( 129) USEIN2          TRAP  x20
(30B7) F021  1111000000100001 ( 130)                 TRAP  x21
(30B8) 1002  0001000000000010 ( 131)                 ADD   R0 R0 R2
(30B9) 309F  0011000010011111 ( 134)                 ST    R0 DIGIT3
(30BA) 269E  0010011010011110 ( 137)                 LD    R3 DIGIT3
(30BB) 192A  0001100100101010 ( 138)                 ADD   R4 R4 #10
(30BC) 486F  0100100001101111 ( 139)                 JSR   MULTIPLICATION
(30BD) 3A9D  0011101010011101 ( 140)                 ST    R5 TENS
(30BE) F020  1111000000100000 ( 144)                 TRAP  x20
(30BF) F021  1111000000100001 ( 145)                 TRAP  x21
(30C0) 1002  0001000000000010 ( 146)                 ADD   R0 R0 R2
(30C1) 3098  0011000010011000 ( 149)                 ST    R0 DIGIT4
(30C2) 2698  0010011010011000 ( 152)                 LD    R3 TENS
(30C3) 2896  0010100010010110 ( 153)                 LD    R4 DIGIT4
(30C4) 1AC4  0001101011000100 ( 154)                 ADD   R5 R3 R4
(30C5) 3AA5  0011101010100101 ( 155)                 ST    R5 INPUT2
(30C6) 488A  0100100010001010 ( 158)                 JSR   CLEAR
(30C7) 26A2  0010011010100010 ( 159)                 LD    R3 INPUT1
(30C8) 16E0  0001011011100000 ( 160)                 ADD   R3 R3 #0
(30C9) 045A  0000010001011010 ( 161)                 BRZ   ZINPUT
(30CA) 28A0  0010100010100000 ( 162)                 LD    R4 INPUT2
(30CB) 1920  0001100100100000 ( 163)                 ADD   R4 R4 #0
(30CC) 0457  0000010001010111 ( 164)                 BRZ   ZINPUT
(30CD) 4883  0100100010000011 ( 169)                 JSR   CLEAR
(30CE) 269C  0010011010011100 ( 170)                 LD    R3 INPUT2
(30CF) 28A0  0010100010100000 ( 171)                 LD    R4 MANTMASK
(30D0) 486F  0100100001101111 ( 172)                 JSR   FINDMANT
(30D1) 309A  0011000010011010 ( 173)                 ST    R0 SHIFTCOUNT
(30D2) 289E  0010100010011110 ( 174)                 LD    R4 MANTDEF
(30D3) 5703  0101011100000011 ( 175)                 AND   R3 R4 R3
(30D4) 368B  0011011010001011 ( 176)                 ST    R3 MANTISSA2
(30D5) 2A9A  0010101010011010 ( 177)                 LD    R5 MANTMASK
(30D6) 16C5  0001011011000101 ( 178)                 ADD   R3 R3 R5
(30D7) 368C  0011011010001100 ( 179)                 ST    R3 MANTFORMULT2
(30D8) 4878  0100100001111000 ( 182)                 JSR   CLEAR
(30D9) 486B  0100100001101011 ( 183)                 JSR   FINDEXP
(30DA) 368C  0011011010001100 ( 184)                 ST    R3 EXPONENT2
(30DB) 4875  0100100001110101 ( 189)                 JSR   CLEAR
(30DC) 267F  0010011001111111 ( 190)                 LD    R3 SIGN1
(30DD) 287F  0010100001111111 ( 191)                 LD    R4 SIGN2
(30DE) 1B03  0001101100000011 ( 192)                 ADD   R5 R4 R3
(30DF) 3A7E  0011101001111110 ( 193)                 ST    R5 SIGNF
(30E0) 4870  0100100001110000 ( 196)                 JSR   CLEAR
(30E1) 2881  0010100010000001 ( 198)                 LD    R4 MANTFORMULT1
(30E2) 3897  0011100010010111 ( 199)                 ST    R4 QUOTIENT
(30E3) 1B64  0001101101100100 ( 200)                 ADD   R5 R5 #4
(30E4) 484B  0100100001001011 ( 201)                 JSR   RIGHTSHIFT
(30E5) 3C7D  0011110001111101 ( 202)                 ST    R6 MANTFORMULT1
(30E6) 287D  0010100001111101 ( 204)                 LD    R4 MANTFORMULT2
(30E7) 3892  0011100010010010 ( 205)                 ST    R4 QUOTIENT
(30E8) 1B64  0001101101100100 ( 206)                 ADD   R5 R5 #4
(30E9) 4846  0100100001000110 ( 207)                 JSR   RIGHTSHIFT
(30EA) 3C79  0011110001111001 ( 208)                 ST    R6 MANTFORMULT2
(30EB) 2677  0010011001110111 ( 210)                 LD    R3 MANTFORMULT1
(30EC) 2877  0010100001110111 ( 211)                 LD    R4 MANTFORMULT2
(30ED) 483E  0100100000111110 ( 212)                 JSR   MULTIPLICATION
(30EE) 3A8A  0011101010001010 ( 213)                 ST    R5 PRODUCT
(30EF) 2C88  0010110010001000 ( 214)                 LD    R6 MANTAND
(30F0) 5D46  0101110101000110 ( 215)                 AND   R6 R5 R6
(30F1) 0C10  0000110000010000 ( 216)                 BRNZ  NEGZ
(30F2) 0200  0000001000000000 ( 217)                 BRP   POSIT
(30F3) 5B60  0101101101100000 ( 219) POSIT           AND   R5 R5 #0
(30F4) 1B61  0001101101100001 ( 220)                 ADD   R5 R5 #1
(30F5) 3A6C  0011101001101100 ( 221)                 ST    R5 MANTOFF
(30F6) 5B60  0101101101100000 ( 222)                 AND   R5 R5 #0
(30F7) 1B63  0001101101100011 ( 223)                 ADD   R5 R5 #3
(30F8) 2880  0010100010000000 ( 224)                 LD    R4 PRODUCT
(30F9) 3880  0011100010000000 ( 225)                 ST    R4 QUOTIENT
(30FA) 4835  0100100000110101 ( 226)                 JSR   RIGHTSHIFT
(30FB) 3C65  0011110001100101 ( 227)                 ST    R6 MANTISSAF
(30FC) 4854  0100100001010100 ( 228)                 JSR   CLEAR
(30FD) 2663  0010011001100011 ( 229)                 LD    R3 MANTISSAF
(30FE) 286E  0010100001101110 ( 230)                 LD    R4 FINALMANTMASK
(30FF) 5B03  0101101100000011 ( 231)                 AND   R5 R4 R3
(3100) 3A60  0011101001100000 ( 232)                 ST    R5 MANTISSAF
(3101) 0E0B  0000111000001011 ( 233)                 BRNZP FINEX
(3102) 5B60  0101101101100000 ( 235) NEGZ            AND   R5 R5 #0
(3103) 1B62  0001101101100010 ( 236)                 ADD   R5 R5 #2
(3104) 2874  0010100001110100 ( 237)                 LD    R4 PRODUCT
(3105) 3874  0011100001110100 ( 238)                 ST    R4 QUOTIENT
(3106) 4829  0100100000101001 ( 239)                 JSR   RIGHTSHIFT
(3107) 3C59  0011110001011001 ( 240)                 ST    R6 MANTISSAF
(3108) 4848  0100100001001000 ( 241)                 JSR   CLEAR
(3109) 2657  0010011001010111 ( 242)                 LD    R3 MANTISSAF
(310A) 2862  0010100001100010 ( 243)                 LD    R4 FINALMANTMASK
(310B) 5B03  0101101100000011 ( 244)                 AND   R5 R4 R3
(310C) 3A54  0011101001010100 ( 245)                 ST    R5 MANTISSAF
(310D) 4843  0100100001000011 ( 248) FINEX           JSR   CLEAR
(310E) 2657  0010011001010111 ( 249)                 LD    R3 EXPONENT1
(310F) 2857  0010100001010111 ( 250)                 LD    R4 EXPONENT2
(3110) 1B03  0001101100000011 ( 251)                 ADD   R5 R4 R3
(3111) 2C50  0010110001010000 ( 252)                 LD    R6 MANTOFF
(3112) 1D46  0001110101000110 ( 253)                 ADD   R6 R5 R6
(3113) 3C54  0011110001010100 ( 254)                 ST    R6 EXPONENTF
(3114) 17AF  0001011110101111 ( 256)                 ADD   R3 R6 #15
(3115) 285C  0010100001011100 ( 257)                 LD    R4 NO10
(3116) 16C3  0001011011000011 ( 259) EXPSHIFT        ADD   R3 R3 R3
(3117) 193F  0001100100111111 ( 260)                 ADD   R4 R4 #-1
(3118) 03FD  0000001111111101 ( 261)                 BRP   EXPSHIFT
(3119) 2854  0010100001010100 ( 263)                 LD    R4 EXPMASK
(311A) 56C4  0101011011000100 ( 264)                 AND   R3 R3 R4
(311B) 364D  0011011001001101 ( 265)                 ST    R3 EXPFP
(311C) 4834  0100100000110100 ( 270)                 JSR   CLEAR
(311D) 2643  0010011001000011 ( 271)                 LD    R3 MANTISSAF
(311E) 284A  0010100001001010 ( 272)                 LD    R4 EXPFP
(311F) 2A3E  0010101000111110 ( 273)                 LD    R5 SIGNF
(3120) 1D44  0001110101000100 ( 274)                 ADD   R6 R5 R4
(3121) 1D83  0001110110000011 ( 275)                 ADD   R6 R6 R3
(3122) BC58  1011110001011000 ( 276)                 STI   R6 PRODLOC
(3123) 0E03  0000111000000011 ( 277)                 BRNZP STOP
(3124) 482C  0100100000101100 ( 280) ZINPUT          JSR   CLEAR
(3125) B055  1011000001010101 ( 281)                 STI   R0 PRODLOC
(3126) 0E00  0000111000000000 ( 282)                 BRNZP STOP
(3127) F025  1111000000100101 ( 285) STOP            TRAP  x25
(3128) 224D  0010001001001101 ( 289) LDOFFSET        LD    R1 DEC_OFF
(3129) C1C0  1100000111000000 ( 290)                 RET   
(312A) 244C  0010010001001100 ( 293) LDNEGOFFSET     LD    R2 NEG_DEC_OFF
(312B) C1C0  1100000111000000 ( 294)                 RET   
(312C) 1B43  0001101101000011 ( 297) MULTIPLICATION  ADD   R5 R5 R3
(312D) 193F  0001100100111111 ( 298)                 ADD   R4 R4 #-1
(312E) 03FD  0000001111111101 ( 299)                 BRP   MULTIPLICATION
(312F) C1C0  1100000111000000 ( 300)                 RET   
(3130) 56E0  0101011011100000 ( 304) RIGHTSHIFT      AND   R3 R3 #0
(3131) 16E2  0001011011100010 ( 305)                 ADD   R3 R3 #2
(3132) 96FF  1001011011111111 ( 306)                 NOT   R3 R3
(3133) 16E1  0001011011100001 ( 307)                 ADD   R3 R3 #1
(3134) 2845  0010100001000101 ( 309) RES             LD    R4 QUOTIENT
(3135) 5DA0  0101110110100000 ( 310)                 AND   R6 R6 #0
(3136) 1DA1  0001110110100001 ( 312) DIVIDE          ADD   R6 R6 #1
(3137) 1903  0001100100000011 ( 313)                 ADD   R4 R4 R3
(3138) 03FD  0000001111111101 ( 314)                 BRP   DIVIDE
(3139) 0402  0000010000000010 ( 315)                 BRZ   ZERO
(313A) 0800  0000100000000000 ( 316)                 BRN   NEG
(313B) 1DBF  0001110110111111 ( 317) NEG             ADD   R6 R6 #-1
(313C) 3C3D  0011110000111101 ( 319) ZERO            ST    R6 QUOTIENT
(313D) 1B7F  0001101101111111 ( 320)                 ADD   R5 R5 #-1
(313E) 03F5  0000001111110101 ( 321)                 BRP   RES
(313F) C1C0  1100000111000000 ( 323)                 RET   
(3140) 1021  0001000000100001 ( 326) FINDMANT        ADD   R0 R0 #1
(3141) 16C3  0001011011000011 ( 327)                 ADD   R3 R3 R3
(3142) 5B03  0101101100000011 ( 328)                 AND   R5 R4 R3
(3143) 05FC  0000010111111100 ( 329)                 BRZ   FINDMANT
(3144) C1C0  1100000111000000 ( 330)                 RET   
(3145) 282E  0010100000101110 ( 333) FINDEXP         LD    R4 NO25
(3146) 2625  0010011000100101 ( 334)                 LD    R3 SHIFTCOUNT
(3147) 96FF  1001011011111111 ( 335)                 NOT   R3 R3
(3148) 16E1  0001011011100001 ( 336)                 ADD   R3 R3 #1
(3149) 16C4  0001011011000100 ( 337)                 ADD   R3 R3 R4
(314A) 361A  0011011000011010 ( 338)                 ST    R3 FPEXP
(314B) 2819  0010100000011001 ( 339)                 LD    R4 FPEXP
(314C) 2626  0010011000100110 ( 340)                 LD    R3 NO15
(314D) 96FF  1001011011111111 ( 341)                 NOT   R3 R3
(314E) 16E1  0001011011100001 ( 342)                 ADD   R3 R3 #1
(314F) 16C4  0001011011000100 ( 343)                 ADD   R3 R3 R4
(3150) C1C0  1100000111000000 ( 344)                 RET   
(3151) 5020  0101000000100000 ( 349) CLEAR           AND   R0 R0 #0
(3152) 56E0  0101011011100000 ( 350)                 AND   R3 R3 #0
(3153) 5920  0101100100100000 ( 351)                 AND   R4 R4 #0
(3154) 5B60  0101101101100000 ( 352)                 AND   R5 R5 #0
(3155) 5DA0  0101110110100000 ( 353)                 AND   R6 R6 #0
(3156) C1C0  1100000111000000 ( 354)                 RET   
(3157) 0000  0000000000000000 ( 359) DIGIT1          .FILL x0000
(3158) 0000  0000000000000000 ( 360) DIGIT2          .FILL x0000
(3159) 0000  0000000000000000 ( 361) DIGIT3          .FILL x0000
(315A) 0000  0000000000000000 ( 362) DIGIT4          .FILL x0000
(315B) 0000  0000000000000000 ( 363) TENS            .FILL x0000
(315C) 0000  0000000000000000 ( 364) SIGN1           .FILL x0000
(315D) 0000  0000000000000000 ( 365) SIGN2           .FILL x0000
(315E) 0000  0000000000000000 ( 366) SIGNF           .FILL x0000
(315F) 0000  0000000000000000 ( 367) MANTISSA1       .FILL x0000
(3160) 0000  0000000000000000 ( 368) MANTISSA2       .FILL x0000
(3161) 0000  0000000000000000 ( 369) MANTISSAF       .FILL x0000
(3162) 0000  0000000000000000 ( 370) MANTOFF         .FILL x0000
(3163) 0000  0000000000000000 ( 371) MANTFORMULT1    .FILL x0000
(3164) 0000  0000000000000000 ( 372) MANTFORMULT2    .FILL x0000
(3165) 0000  0000000000000000 ( 373) FPEXP           .FILL x0000
(3166) 0000  0000000000000000 ( 374) EXPONENT1       .FILL x0000
(3167) 0000  0000000000000000 ( 375) EXPONENT2       .FILL x0000
(3168) 0000  0000000000000000 ( 376) EXPONENTF       .FILL x0000
(3169) 0000  0000000000000000 ( 377) EXPFP           .FILL x0000
(316A) 0000  0000000000000000 ( 378) INPUT1          .FILL x0000
(316B) 0000  0000000000000000 ( 379) INPUT2          .FILL x0000
(316C) 0000  0000000000000000 ( 380) SHIFTCOUNT      .FILL x0000
(316D) FBFF  1111101111111111 ( 381) FINALMANTMASK   .FILL xFBFF
(316E) 7C00  0111110000000000 ( 382) EXPMASK         .FILL x7C00
(316F) 8000  1000000000000000 ( 383) SIGNMASK        .FILL x8000
(3170) 0400  0000010000000000 ( 384) MANTMASK        .FILL x0400
(3171) 03FF  0000001111111111 ( 385) MANTDEF         .FILL x03FF
(3172) 000A  0000000000001010 ( 386) NO10            .FILL x000A
(3173) 000F  0000000000001111 ( 387) NO15            .FILL x000F
(3174) 0019  0000000000011001 ( 388) NO25            .FILL x0019
(3175) FFD3  1111111111010011 ( 389) MINUS           .FILL xFFD3
(3176) 0030  0000000000110000 ( 390) DEC_OFF         .FILL x0030
(3177) FFD0  1111111111010000 ( 391) NEG_DEC_OFF     .FILL xFFD0
(3178) 2000  0010000000000000 ( 392) MANTAND         .FILL x2000
(3179) 0000  0000000000000000 ( 393) PRODUCT         .FILL x0000
(317A) 0000  0000000000000000 ( 394) QUOTIENT        .FILL x0000
(317B) 3200  0011001000000000 ( 395) PRODLOC         .FILL x3200
(317C) 000A  0000000000001010 ( 398) SECONDNO        .FILL x000A
(317D) 0050  0000000001010000 ( 398)                 .FILL x0050
(317E) 006C  0000000001101100 ( 398)                 .FILL x006C
(317F) 0065  0000000001100101 ( 398)                 .FILL x0065
(3180) 0061  0000000001100001 ( 398)                 .FILL x0061
(3181) 0073  0000000001110011 ( 398)                 .FILL x0073
(3182) 0065  0000000001100101 ( 398)                 .FILL x0065
(3183) 0020  0000000000100000 ( 398)                 .FILL x0020
(3184) 0065  0000000001100101 ( 398)                 .FILL x0065
(3185) 006E  0000000001101110 ( 398)                 .FILL x006E
(3186) 0074  0000000001110100 ( 398)                 .FILL x0074
(3187) 0065  0000000001100101 ( 398)                 .FILL x0065
(3188) 0072  0000000001110010 ( 398)                 .FILL x0072
(3189) 0020  0000000000100000 ( 398)                 .FILL x0020
(318A) 0061  0000000001100001 ( 398)                 .FILL x0061
(318B) 0020  0000000000100000 ( 398)                 .FILL x0020
(318C) 0073  0000000001110011 ( 398)                 .FILL x0073
(318D) 0065  0000000001100101 ( 398)                 .FILL x0065
(318E) 0063  0000000001100011 ( 398)                 .FILL x0063
(318F) 006F  0000000001101111 ( 398)                 .FILL x006F
(3190) 006E  0000000001101110 ( 398)                 .FILL x006E
(3191) 0064  0000000001100100 ( 398)                 .FILL x0064
(3192) 0020  0000000000100000 ( 398)                 .FILL x0020
(3193) 006E  0000000001101110 ( 398)                 .FILL x006E
(3194) 0075  0000000001110101 ( 398)                 .FILL x0075
(3195) 006D  0000000001101101 ( 398)                 .FILL x006D
(3196) 0062  0000000001100010 ( 398)                 .FILL x0062
(3197) 0065  0000000001100101 ( 398)                 .FILL x0065
(3198) 0072  0000000001110010 ( 398)                 .FILL x0072
(3199) 0020  0000000000100000 ( 398)                 .FILL x0020
(319A) 0077  0000000001110111 ( 398)                 .FILL x0077
(319B) 0069  0000000001101001 ( 398)                 .FILL x0069
(319C) 0074  0000000001110100 ( 398)                 .FILL x0074
(319D) 0068  0000000001101000 ( 398)                 .FILL x0068
(319E) 0020  0000000000100000 ( 398)                 .FILL x0020
(319F) 0074  0000000001110100 ( 398)                 .FILL x0074
(31A0) 0068  0000000001101000 ( 398)                 .FILL x0068
(31A1) 0065  0000000001100101 ( 398)                 .FILL x0065
(31A2) 0020  0000000000100000 ( 398)                 .FILL x0020
(31A3) 0073  0000000001110011 ( 398)                 .FILL x0073
(31A4) 0061  0000000001100001 ( 398)                 .FILL x0061
(31A5) 006D  0000000001101101 ( 398)                 .FILL x006D
(31A6) 0065  0000000001100101 ( 398)                 .FILL x0065
(31A7) 0020  0000000000100000 ( 398)                 .FILL x0020
(31A8) 0066  0000000001100110 ( 398)                 .FILL x0066
(31A9) 006F  0000000001101111 ( 398)                 .FILL x006F
(31AA) 0072  0000000001110010 ( 398)                 .FILL x0072
(31AB) 006D  0000000001101101 ( 398)                 .FILL x006D
(31AC) 0061  0000000001100001 ( 398)                 .FILL x0061
(31AD) 0074  0000000001110100 ( 398)                 .FILL x0074
(31AE) 003A  0000000000111010 ( 398)                 .FILL x003A
(31AF) 0020  0000000000100000 ( 398)                 .FILL x0020
(31B0) 0000  0000000000000000 ( 398)                 .FILL x0000
(31B1) 000A  0000000000001010 ( 399) NEWLINE         .FILL x000A
(31B2) 0000  0000000000000000 ( 399)                 .FILL x0000
